<?xml version="1.0" encoding="UTF-8" ?>
<testsuite tests="1" failures="0" name="com.cg.SampleApplication.general.common.AccessControlSchemaXmlValidationTest" time="0" errors="0" skipped="1">
  <properties>
    <property name="java.runtime.name" value="Java(TM) SE Runtime Environment"/>
    <property name="sun.boot.library.path" value="D:\Devon-dist_2.1.0\Devon-dist_2.1.0\software\java\jre\bin"/>
    <property name="java.vm.version" value="25.101-b13"/>
    <property name="java.vm.vendor" value="Oracle Corporation"/>
    <property name="maven.multiModuleProjectDirectory" value="D:\Devon-dist_2.1.0\Devon-dist_2.1.0\workspaces\main\SampleApplication"/>
    <property name="java.vendor.url" value="http://java.oracle.com/"/>
    <property name="path.separator" value=";"/>
    <property name="guice.disable.misplaced.annotation.check" value="true"/>
    <property name="java.vm.name" value="Java HotSpot(TM) 64-Bit Server VM"/>
    <property name="file.encoding.pkg" value="sun.io"/>
    <property name="user.script" value=""/>
    <property name="user.country" value="US"/>
    <property name="sun.java.launcher" value="SUN_STANDARD"/>
    <property name="sun.os.patch.level" value="Service Pack 1"/>
    <property name="java.vm.specification.name" value="Java Virtual Machine Specification"/>
    <property name="user.dir" value="D:\Devon-dist_2.1.0\Devon-dist_2.1.0\workspaces\main\SampleApplication"/>
    <property name="java.runtime.version" value="1.8.0_101-b13"/>
    <property name="java.awt.graphicsenv" value="sun.awt.Win32GraphicsEnvironment"/>
    <property name="java.endorsed.dirs" value="D:\Devon-dist_2.1.0\Devon-dist_2.1.0\software\java\jre\lib\endorsed"/>
    <property name="os.arch" value="amd64"/>
    <property name="java.io.tmpdir" value="C:\Users\ssarmoka\AppData\Local\Temp\"/>
    <property name="line.separator" value="
"/>
    <property name="java.vm.specification.vendor" value="Oracle Corporation"/>
    <property name="user.variant" value=""/>
    <property name="os.name" value="Windows 7"/>
    <property name="classworlds.conf" value="D:\Devon-dist_2.1.0\Devon-dist_2.1.0\workspaces\main\.metadata\.plugins\org.eclipse.m2e.launching\launches\m2conf1882332066706264930.tmp"/>
    <property name="sun.jnu.encoding" value="Cp1252"/>
    <property name="java.library.path" value="D:\Devon-dist_2.1.0\Devon-dist_2.1.0\software\java\bin;C:\WINDOWS\Sun\Java\bin;C:\WINDOWS\system32;C:\WINDOWS;D:\Devon-dist_2.1.0\Devon-dist_2.1.0\software\tomcat\bin;D:\Devon-dist_2.1.0\Devon-dist_2.1.0\software\subversion;D:\Devon-dist_2.1.0\Devon-dist_2.1.0\software\sonarqube\bin;D:\Devon-dist_2.1.0\Devon-dist_2.1.0\software\Sencha;D:\Devon-dist_2.1.0\Devon-dist_2.1.0\software\nodejs;D:\Devon-dist_2.1.0\Devon-dist_2.1.0\software\maven\bin;D:\Devon-dist_2.1.0\Devon-dist_2.1.0\software\java\bin;D:\Devon-dist_2.1.0\Devon-dist_2.1.0\software\jasypt\bin;D:\Devon-dist_2.1.0\Devon-dist_2.1.0\software\eclipse;D:\Devon-dist_2.1.0\Devon-dist_2.1.0\software\ant\bin;D:\Devon-dist_2.1.0\Devon-dist_2.1.0\software\Sencha\Cmd\default;C:\WINDOWS\system32\WindowsPowerShell\v1.0\;C:\WINDOWS\system32;C:\WINDOWS;C:\WINDOWS\System32\Wbem;C:\WINDOWS\System32\WindowsPowerShell\v1.0\;C:\Program Files (x86)\QuickTime\QTSystem\;C:\Program Files\CapgeminiScripts\Support Tools\;C:\Program Files\Git LFS;C:\Program Files\Git\cmd;C:\Program Files\Java\jdk1.7.0_80\bin;D:\devonws\software\maven\bin;D:\IDE1.4\software\nodejs;C:\Program Files (x86)\MySQL\MySQL Fabric 1.5 &amp; MySQL Utilities 1.5\;C:\Program Files (x86)\MySQL\MySQL Fabric 1.5 &amp; MySQL Utilities 1.5\Doctrine extensions for PHP\;C:\Users\ssarmoka\bin\Sencha\Cmd;C:\Program Files\Git\cmd;C:\Program Files\Java\jdk1.7.0_80\bin;%M2_HOME%\bin;D:\IDE1.4\software\nodejs;D:\Users\ssarmoka\.devcon;C:\Users\ssarmoka\AppData\Local\atom\bin;C:\Users\ssarmoka\AppData\Roaming\npm;."/>
    <property name="java.specification.name" value="Java Platform API Specification"/>
    <property name="java.class.version" value="52.0"/>
    <property name="sun.management.compiler" value="HotSpot 64-Bit Tiered Compilers"/>
    <property name="os.version" value="6.1"/>
    <property name="user.home" value="C:\Users\ssarmoka"/>
    <property name="user.timezone" value="Asia/Calcutta"/>
    <property name="java.awt.printerjob" value="sun.awt.windows.WPrinterJob"/>
    <property name="java.specification.version" value="1.8"/>
    <property name="file.encoding" value="UTF-8"/>
    <property name="user.name" value="ssarmoka"/>
    <property name="java.class.path" value="D:\Devon-dist_2.1.0\Devon-dist_2.1.0\software\maven\boot\plexus-classworlds-2.5.2.jar"/>
    <property name="java.vm.specification.version" value="1.8"/>
    <property name="sun.arch.data.model" value="64"/>
    <property name="java.home" value="D:\Devon-dist_2.1.0\Devon-dist_2.1.0\software\java\jre"/>
    <property name="sun.java.command" value="org.codehaus.plexus.classworlds.launcher.Launcher -B -s D:\Devon-dist_2.1.0\Devon-dist_2.1.0/conf/.m2/settings.xml install"/>
    <property name="java.specification.vendor" value="Oracle Corporation"/>
    <property name="user.language" value="en"/>
    <property name="awt.toolkit" value="sun.awt.windows.WToolkit"/>
    <property name="java.vm.info" value="mixed mode"/>
    <property name="java.version" value="1.8.0_101"/>
    <property name="java.ext.dirs" value="D:\Devon-dist_2.1.0\Devon-dist_2.1.0\software\java\jre\lib\ext;C:\WINDOWS\Sun\Java\lib\ext"/>
    <property name="sun.boot.class.path" value="D:\Devon-dist_2.1.0\Devon-dist_2.1.0\software\java\jre\lib\resources.jar;D:\Devon-dist_2.1.0\Devon-dist_2.1.0\software\java\jre\lib\rt.jar;D:\Devon-dist_2.1.0\Devon-dist_2.1.0\software\java\jre\lib\sunrsasign.jar;D:\Devon-dist_2.1.0\Devon-dist_2.1.0\software\java\jre\lib\jsse.jar;D:\Devon-dist_2.1.0\Devon-dist_2.1.0\software\java\jre\lib\jce.jar;D:\Devon-dist_2.1.0\Devon-dist_2.1.0\software\java\jre\lib\charsets.jar;D:\Devon-dist_2.1.0\Devon-dist_2.1.0\software\java\jre\lib\jfr.jar;D:\Devon-dist_2.1.0\Devon-dist_2.1.0\software\java\jre\classes"/>
    <property name="java.vendor" value="Oracle Corporation"/>
    <property name="maven.home" value="D:\Devon-dist_2.1.0\Devon-dist_2.1.0\software\maven"/>
    <property name="file.separator" value="\"/>
    <property name="java.vendor.url.bug" value="http://bugreport.sun.com/bugreport/"/>
    <property name="sun.cpu.endian" value="little"/>
    <property name="sun.io.unicode.encoding" value="UnicodeLittle"/>
    <property name="sun.desktop" value="windows"/>
    <property name="sun.cpu.isalist" value="amd64"/>
  </properties>
  <testcase classname="com.cg.SampleApplication.general.common.base.OaspPackageCheckTest" name="com.cg.SampleApplication.general.common.base.OaspPackageCheckTest" time="0">
    <skipped message="Currently fails, see #498"/>
  </testcase>
</testsuite>